<?xml version="1.0" encoding="UTF-8"?>
<!-- Generated by org.testng.reporters.JUnitReportReporter -->
<testsuite skipped="0" hostname="WINDOWS-TOCRG0D" name="com.pom.pages.Test2" tests="3" failures="0" timestamp="2021-07-31T13:58:43 IST" time="0.013" errors="0">
  <testcase name="test5" time="0.010" classname="com.pom.pages.Test2"/>
  <system-out/>
  <testcase name="test6" time="0.001" classname="com.pom.pages.Test2"/>
  <system-out/>
  <testcase name="test4" time="0.002" classname="com.pom.pages.Test2"/>
  <system-out/>
</testsuite> <!-- com.pom.pages.Test2 -->
