<?xml version="1.0" encoding="UTF-8"?>
<!-- Generated by org.testng.reporters.JUnitReportReporter -->
<testsuite skipped="0" hostname="WINDOWS-TOCRG0D" name="com.pom.pages.Test1" tests="3" failures="0" timestamp="2021-07-31T13:58:43 IST" time="0.008" errors="0">
  <testcase name="test1" time="0.004" classname="com.pom.pages.Test1"/>
  <system-out/>
  <testcase name="test3" time="0.002" classname="com.pom.pages.Test1"/>
  <system-out/>
  <testcase name="test2" time="0.002" classname="com.pom.pages.Test1"/>
  <system-out/>
</testsuite> <!-- com.pom.pages.Test1 -->
