<?xml version="1.0" encoding="UTF-8"?>
<!-- Generated by org.testng.reporters.JUnitReportReporter -->
<testsuite skipped="0" hostname="WINDOWS-TOCRG0D" name="com.pom.pages.Test3" tests="1" failures="0" timestamp="2021-08-05T12:46:09 IST" time="0.011" errors="0">
  <testcase name="test5" time="0.011" classname="com.pom.pages.Test3"/>
  <system-out/>
</testsuite> <!-- com.pom.pages.Test3 -->
